<?xml version="1.0" encoding="UTF-8"?><testsuite errors="1" failures="0" name="Validating all the services available in the services tab" skipped="0" tests="2" time="26.15" timestamp="2021-07-27 04:44:16"><testcase name="Validate that the user is navigated to the Services page on clicking Services tab"/><testcase name="Navigation to the Second Opinion page on clicking Second Opinions"><error message="An element could not be located on the page using the given search parameters.&#10;For documentation on this error, please visit: https://www.seleniumhq.org/exceptions/no_such_element.html&#10;Build info: version: '3.141.59', revision: 'e82be7d358', time: '2018-11-14T08:17:03'&#10;System info: host: 'DESKTOP-SC898AR', ip: '192.168.1.8', os.name: 'Windows 10', os.arch: 'amd64', os.version: '10.0', java.version: '11.0.11'&#10;Driver info: io.testproject.sdk.drivers.ios.IOSDriver&#10;Capabilities {ScaleFactor: 2.0, automationName: XCuiTest, browserName: , bundleId: com.mpoweredhealth.demo, databaseEnabled: false, deviceName: Anu, javascriptEnabled: true, locationContextEnabled: false, networkConnectionEnabled: false, newCommandTimeout: 0.0, noReset: true, platform: MAC, platformName: iOS, platformVersion: 14.6, realDevice: true, simpleIsVisibleCheck: true, skipDeviceDetect: true, takesScreenshot: true, tp:guid: 6d0401bc-038d-4379-9509-8f0..., udid: b7300d521424b6111a573940f08..., useExternalWDA: true, usePrebuiltWDA: true, waitForQuiescence: false, webDriverAgentUrl: http://localhost:55424, webStorageEnabled: false}&#10;Session ID: 3d130ee8-f33d-407f-a4db-fcfe3152b2d3&#10;*** Element info: {Using=xpath, value=//XCUIElementTypeCell/XCUIElementTypeOther[1]/XCUIElementTypeOther[1]/XCUIElementTypeOther/XCUIElementTypeOther}&#10;For documentation on this error, please visit: https://www.seleniumhq.org/exceptions/no_such_element.html&#10;Build info: version: '3.141.59', revision: 'e82be7d358', time: '2018-11-14T08:17:03'&#10;System info: host: 'DESKTOP-SC898AR', ip: '192.168.1.8', os.name: 'Windows 10', os.arch: 'amd64', os.version: '10.0', java.version: '11.0.11'&#10;Driver info: driver.version: IOSDriver" type="org.openqa.selenium.NoSuchElementException">An element could not be located on the page using the given search parameters.
For documentation on this error, please visit: https://www.seleniumhq.org/exceptions/no_such_element.html
Build info: version: '3.141.59', revision: 'e82be7d358', time: '2018-11-14T08:17:03'
System info: host: 'DESKTOP-SC898AR', ip: '192.168.1.8', os.name: 'Windows 10', os.arch: 'amd64', os.version: '10.0', java.version: '11.0.11'
Driver info: io.testproject.sdk.drivers.ios.IOSDriver
Capabilities {ScaleFactor: 2.0, automationName: XCuiTest, browserName: , bundleId: com.mpoweredhealth.demo, databaseEnabled: false, deviceName: Anu, javascriptEnabled: true, locationContextEnabled: false, networkConnectionEnabled: false, newCommandTimeout: 0.0, noReset: true, platform: MAC, platformName: iOS, platformVersion: 14.6, realDevice: true, simpleIsVisibleCheck: true, skipDeviceDetect: true, takesScreenshot: true, tp:guid: 6d0401bc-038d-4379-9509-8f0..., udid: b7300d521424b6111a573940f08..., useExternalWDA: true, usePrebuiltWDA: true, waitForQuiescence: false, webDriverAgentUrl: http://localhost:55424, webStorageEnabled: false}
Session ID: 3d130ee8-f33d-407f-a4db-fcfe3152b2d3
*** Element info: {Using=xpath, value=//XCUIElementTypeCell/XCUIElementTypeOther[1]/XCUIElementTypeOther[1]/XCUIElementTypeOther/XCUIElementTypeOther}
For documentation on this error, please visit: https://www.seleniumhq.org/exceptions/no_such_element.html
Build info: version: '3.141.59', revision: 'e82be7d358', time: '2018-11-14T08:17:03'
System info: host: 'DESKTOP-SC898AR', ip: '192.168.1.8', os.name: 'Windows 10', os.arch: 'amd64', os.version: '10.0', java.version: '11.0.11'
Driver info: driver.version: IOSDriver</error><system-err>An element could not be located on the page using the given search parameters.
For documentation on this error, please visit: https://www.seleniumhq.org/exceptions/no_such_element.html
Build info: version: '3.141.59', revision: 'e82be7d358', time: '2018-11-14T08:17:03'
System info: host: 'DESKTOP-SC898AR', ip: '192.168.1.8', os.name: 'Windows 10', os.arch: 'amd64', os.version: '10.0', java.version: '11.0.11'
Driver info: io.testproject.sdk.drivers.ios.IOSDriver
Capabilities {ScaleFactor: 2.0, automationName: XCuiTest, browserName: , bundleId: com.mpoweredhealth.demo, databaseEnabled: false, deviceName: Anu, javascriptEnabled: true, locationContextEnabled: false, networkConnectionEnabled: false, newCommandTimeout: 0.0, noReset: true, platform: MAC, platformName: iOS, platformVersion: 14.6, realDevice: true, simpleIsVisibleCheck: true, skipDeviceDetect: true, takesScreenshot: true, tp:guid: 6d0401bc-038d-4379-9509-8f0..., udid: b7300d521424b6111a573940f08..., useExternalWDA: true, usePrebuiltWDA: true, waitForQuiescence: false, webDriverAgentUrl: http://localhost:55424, webStorageEnabled: false}
Session ID: 3d130ee8-f33d-407f-a4db-fcfe3152b2d3
*** Element info: {Using=xpath, value=//XCUIElementTypeCell/XCUIElementTypeOther[1]/XCUIElementTypeOther[1]/XCUIElementTypeOther/XCUIElementTypeOther}
For documentation on this error, please visit: https://www.seleniumhq.org/exceptions/no_such_element.html
Build info: version: '3.141.59', revision: 'e82be7d358', time: '2018-11-14T08:17:03'
System info: host: 'DESKTOP-SC898AR', ip: '192.168.1.8', os.name: 'Windows 10', os.arch: 'amd64', os.version: '10.0', java.version: '11.0.11'
Driver info: driver.version: IOSDriver&#13;
io.appium.java_client.remote.AppiumCommandExecutor.execute(AppiumCommandExecutor.java:239)&#13;
io.testproject.sdk.internal.helpers.CustomAppiumCommandExecutor.execute(CustomAppiumCommandExecutor.java:124)&#13;
io.testproject.sdk.internal.helpers.CustomAppiumCommandExecutor.execute(CustomAppiumCommandExecutor.java:106)&#13;
io.appium.java_client.DefaultGenericMobileDriver.execute(DefaultGenericMobileDriver.java:41)&#13;
io.appium.java_client.AppiumDriver.execute(AppiumDriver.java:1)&#13;
io.appium.java_client.ios.IOSDriver.execute(IOSDriver.java:1)&#13;
io.appium.java_client.DefaultGenericMobileDriver.findElement(DefaultGenericMobileDriver.java:61)&#13;
io.appium.java_client.AppiumDriver.findElement(AppiumDriver.java:1)&#13;
io.appium.java_client.ios.IOSDriver.findElement(IOSDriver.java:1)&#13;
io.appium.java_client.DefaultGenericMobileDriver.findElementByXPath(DefaultGenericMobileDriver.java:151)&#13;
io.appium.java_client.AppiumDriver.findElementByXPath(AppiumDriver.java:1)&#13;
io.appium.java_client.ios.IOSDriver.findElementByXPath(IOSDriver.java:1)&#13;
io.appium.java_client.DefaultGenericMobileDriver.findElement(DefaultGenericMobileDriver.java:57)&#13;
io.appium.java_client.AppiumDriver.findElement(AppiumDriver.java:1)&#13;
io.appium.java_client.ios.IOSDriver.findElement(IOSDriver.java:1)&#13;
Stepdefinitions.Services_positive_scenario.verify_second_opinion_page(Services_positive_scenario.java:72)&#13;
✽.Verify second opinion page(file:///D:/automation/MpoweredHealth_repos/DEvice%20automation/MPH-IOS-main/src/test/resources/features/Services_positive_scenario.feature:11)&#13;
</system-err></testcase></testsuite>