<?xml version="1.0" encoding="UTF-8"?><testsuite errors="0" failures="0" name="Verify the header page positive scenarios" skipped="0" tests="11" time="168.07" timestamp="2021-07-27 06:25:25"><testcase name="Validate that the mpowered health logo/hamburger in the header"/><testcase name="Validation of the Drop down tab"/><testcase name="Validate profile page on clicking  Your profile tab"/><testcase name="Validate  Your ratings dashboard"/><testcase name="Validate the alerts page"/><testcase name="Validate Help or FAQ  page"/><testcase name="Validate  Privacy Policy dialogue box on clicking on the Privacy Policy"/><testcase name="Validate Terms &amp; Conditions dialogue box on clicking on the Terms &amp; Conditions"/><testcase name="Validate the Contact Us page"/><testcase name="Validate that the user is navigated to the Feedback Port   page  on clicking Feedback"/><testcase name="Validate the Landing page on clicking Log out icon"/></testsuite>